[debug] [2018-06-28T15:34:45.561Z] ----------------------------------------------------------------------
[debug] [2018-06-28T15:34:45.563Z] Command:       /usr/local/bin/node /usr/local/bin/firebase serve
[debug] [2018-06-28T15:34:45.563Z] CLI Version:   3.19.1
[debug] [2018-06-28T15:34:45.563Z] Platform:      darwin
[debug] [2018-06-28T15:34:45.563Z] Node Version:  v8.9.1
[debug] [2018-06-28T15:34:45.564Z] Time:          Thu Jun 28 2018 17:34:45 GMT+0200 (CEST)
[debug] [2018-06-28T15:34:45.564Z] ----------------------------------------------------------------------
[debug] 
[debug] [2018-06-28T15:34:45.613Z] > command requires scopes: ["email","openid","https://www.googleapis.com/auth/cloudplatformprojects.readonly","https://www.googleapis.com/auth/firebase","https://www.googleapis.com/auth/cloud-platform"]
[debug] [2018-06-28T15:34:45.613Z] > authorizing via signed-in user
[debug] [2018-06-28T15:34:45.615Z] >>> HTTP REQUEST GET https://admin.firebase.com/v1/projects/chatbot-lara  
  
 Thu Jun 28 2018 17:34:45 GMT+0200 (CEST)
[debug] [2018-06-28T15:34:46.502Z] <<< HTTP RESPONSE 200
[debug] [2018-06-28T15:34:46.503Z] >>> HTTP REQUEST GET https://admin.firebase.com/v1/database/chatbot-lara/tokens  
  
 Thu Jun 28 2018 17:34:46 GMT+0200 (CEST)
[debug] [2018-06-28T15:34:47.363Z] <<< HTTP RESPONSE 200
[debug] [2018-06-28T15:34:47.364Z] >>> HTTP REQUEST GET https://cloudresourcemanager.googleapis.com/v1/projects/chatbot-lara  
  
 Thu Jun 28 2018 17:34:47 GMT+0200 (CEST)
[debug] [2018-06-28T15:34:48.385Z] <<< HTTP RESPONSE 200
[info] 
[info] === Serving from '/Users/rieke/Documents/CODE/chatbot-lara'...
[info] 
[debug] [2018-06-28T15:34:48.387Z] >>> HTTP REQUEST GET https://mobilesdk-pa.googleapis.com/v1/projects/947688770366/clients/_:getWebAppConfig  
  
 Thu Jun 28 2018 17:34:48 GMT+0200 (CEST)
[debug] [2018-06-28T15:34:49.000Z] <<< HTTP RESPONSE 200
[info] i  hosting: Serving hosting files from: public
[info] ✔  hosting: Local server: http://localhost:5000

